<?xml version="1.0" encoding="UTF-8"?>
<!-- Generated by org.testng.reporters.JUnitReportReporter -->
<testsuite skipped="0" hostname="Lenovo" name="Program2" tests="1" failures="0" timestamp="15 Sep 2022 13:22:43 GMT" time="0.062" errors="0">
  <testcase name="playerVerification" time="0.062" classname="Program2"/>
</testsuite> <!-- Program2 -->
