<?xml version="1.0" encoding="UTF-8"?>
<!-- Generated by org.testng.reporters.JUnitReportReporter -->
<testsuite skipped="0" hostname="Lenovo" name="TeamValidation" tests="1" failures="0" timestamp="15 Sep 2022 15:13:28 GMT" time="0.047" errors="0">
  <testcase name="teamVerification" time="0.047" classname="TeamValidation"/>
</testsuite> <!-- TeamValidation -->
